<?xml version="1.0" encoding="UTF-8"?>
<!-- Generated by org.testng.reporters.JUnitXMLReporter -->
<testsuite ignored="0" hostname="P2908-W10" failures="1" tests="27" name="Test Liquidacion Tarjetas" time="246.717" errors="0" timestamp="2021-08-24T08:44:06 CEST">
  <testcase classname="tests.TestLiquidacionTarjetas" name="testBorrarFiltro" time="5.645"/>
  <testcase classname="tests.TestLiquidacionTarjetas" name="testFiltroSinNombre" time="4.296"/>
  <testcase classname="tests.TestLiquidacionTarjetas" name="testGuardarFiltro" time="5.445"/>
  <testcase classname="tests.TestLiquidacionTarjetas" name="testLimpiarFiltros" time="5.206"/>
  <testcase classname="tests.TestLiquidacionTarjetas" name="testLiquidaciones" time="4.832"/>
  <testcase classname="tests.TestLiquidacionTarjetas" name="testNoGrupoNoEmpresa" time="3.348"/>
  <testcase classname="tests.TestLiquidacionTarjetas" name="testSeleccionarFiltro" time="12.487">
    <failure type="org.openqa.selenium.TimeoutException" message="Expected condition failed: waiting for element to be clickable: By.cssSelector: a[href=&amp;apos;/infotar/app/informes-gestion/liquidacion-tarjetas&amp;apos;] (tried for 10 second(s) with 500 milliseconds interval)
Build info: version: &amp;apos;3.141.59&amp;apos;, revision: &amp;apos;e82be7d358&amp;apos;, time: &amp;apos;2018-11-14T08:17:03&amp;apos;
System info: host: &amp;apos;P2908-W10&amp;apos;, ip: &amp;apos;172.16.184.180&amp;apos;, os.name: &amp;apos;Windows 10&amp;apos;, os.arch: &amp;apos;amd64&amp;apos;, os.version: &amp;apos;10.0&amp;apos;, java.version: &amp;apos;15.0.2&amp;apos;
Driver info: org.openqa.selenium.chrome.ChromeDriver
Capabilities {acceptInsecureCerts: false, browserName: chrome, browserVersion: 92.0.4515.159, chrome: {chromedriverVersion: 91.0.4472.19 (1bf021f248676..., userDataDir: C:\Users\s6169rc\AppData\Lo...}, goog:chromeOptions: {debuggerAddress: localhost:61671}, javascriptEnabled: true, networkConnectionEnabled: false, pageLoadStrategy: normal, platform: WINDOWS, platformName: WINDOWS, proxy: Proxy(), setWindowRect: true, strictFileInteractability: false, timeouts: {implicit: 0, pageLoad: 300000, script: 30000}, unhandledPromptBehavior: dismiss and notify, webauthn:extension:largeBlob: true, webauthn:virtualAuthenticators: true}
Session ID: f8b52ca4d3b96cefcb866a3a08297b8d">
      <![CDATA[org.openqa.selenium.TimeoutException: Expected condition failed: waiting for element to be clickable: By.cssSelector: a[href='/infotar/app/informes-gestion/liquidacion-tarjetas'] (tried for 10 second(s) with 500 milliseconds interval)
Build info: version: '3.141.59', revision: 'e82be7d358', time: '2018-11-14T08:17:03'
System info: host: 'P2908-W10', ip: '172.16.184.180', os.name: 'Windows 10', os.arch: 'amd64', os.version: '10.0', java.version: '15.0.2'
Driver info: org.openqa.selenium.chrome.ChromeDriver
Capabilities {acceptInsecureCerts: false, browserName: chrome, browserVersion: 92.0.4515.159, chrome: {chromedriverVersion: 91.0.4472.19 (1bf021f248676..., userDataDir: C:\Users\s6169rc\AppData\Lo...}, goog:chromeOptions: {debuggerAddress: localhost:61671}, javascriptEnabled: true, networkConnectionEnabled: false, pageLoadStrategy: normal, platform: WINDOWS, platformName: WINDOWS, proxy: Proxy(), setWindowRect: true, strictFileInteractability: false, timeouts: {implicit: 0, pageLoad: 300000, script: 30000}, unhandledPromptBehavior: dismiss and notify, webauthn:extension:largeBlob: true, webauthn:virtualAuthenticators: true}
Session ID: f8b52ca4d3b96cefcb866a3a08297b8d
at org.openqa.selenium.support.ui.WebDriverWait.timeoutException(WebDriverWait.java:95)
at org.openqa.selenium.support.ui.FluentWait.until(FluentWait.java:272)
at pages.HomePage.irLiquidacion(HomePage.java:46)
at tests.TestLiquidacionTarjetas.testSeleccionarFiltro(TestLiquidacionTarjetas.java:82)
at java.base/java.util.ArrayList.forEach(ArrayList.java:1511)
... Removed 27 stack frames]]>
    </failure>
  </testcase> <!-- testSeleccionarFiltro -->
  <testcase classname="tests.TestLiquidacionTarjetasAdminGrupo" name="testBorrarFiltro" time="5.544"/>
  <testcase classname="tests.TestLiquidacionTarjetasAdminGrupo" name="testFiltroSinNombre" time="5.487"/>
  <testcase classname="tests.TestLiquidacionTarjetasAdminGrupo" name="testGuardarFiltro" time="6.667"/>
  <testcase classname="tests.TestLiquidacionTarjetasAdminGrupo" name="testLimpiarFiltros" time="4.205"/>
  <testcase classname="tests.TestLiquidacionTarjetasAdminGrupo" name="testLiquidaciones" time="4.502"/>
  <testcase classname="tests.TestLiquidacionTarjetasAdminGrupo" name="testNoGrupoNoEmpresa" time="3.859"/>
  <testcase classname="tests.TestLiquidacionTarjetasAdminGrupo" name="testSeleccionarFiltro" time="6.136"/>
  <testcase classname="tests.TestLiquidacionTarjetasAdminEmpresa" name="testBorrarFiltro" time="4.761"/>
  <testcase classname="tests.TestLiquidacionTarjetasAdminEmpresa" name="testFiltroSinNombre" time="5.06"/>
  <testcase classname="tests.TestLiquidacionTarjetasAdminEmpresa" name="testGuardarFiltro" time="5.587"/>
  <testcase classname="tests.TestLiquidacionTarjetasAdminEmpresa" name="testLimpiarFiltros" time="4.297"/>
  <testcase classname="tests.TestLiquidacionTarjetasAdminEmpresa" name="testLiquidaciones" time="5.722"/>
  <testcase classname="tests.TestLiquidacionTarjetasAdminEmpresa" name="testNoEmpresa" time="3.913"/>
  <testcase classname="tests.TestLiquidacionTarjetasAdminEmpresa" name="testSeleccionarFiltro" time="6.085"/>
  <testcase classname="tests.TestLiquidacionTarjetastitular" name="testBorrarFiltro" time="5.141"/>
  <testcase classname="tests.TestLiquidacionTarjetastitular" name="testFiltroSinNombre" time="5.12"/>
  <testcase classname="tests.TestLiquidacionTarjetastitular" name="testGuardarFiltro" time="6.443"/>
  <testcase classname="tests.TestLiquidacionTarjetastitular" name="testLimpiarFiltros" time="4.672"/>
  <testcase classname="tests.TestLiquidacionTarjetastitular" name="testMovimientos" time="5.089"/>
  <testcase classname="tests.TestLiquidacionTarjetastitular" name="testSeleccionarFiltro" time="6.116"/>
</testsuite> <!-- Test Liquidacion Tarjetas -->
