<?xml version="1.0" encoding="UTF-8"?>
<!-- Generated by org.testng.reporters.JUnitXMLReporter -->
<testsuite ignored="0" hostname="P2908-W10" failures="0" tests="1" name="Consultas Online" time="1.497" errors="0" timestamp="2021-06-07T09:34:14 CEST">
  <testcase classname="tests.TestConsultasOnline" name="@BeforeMethod beforeMethod" time="1.49">
    <failure type="org.openqa.selenium.SessionNotCreatedException" message="session not created: This version of ChromeDriver only supports Chrome version 89
Current browser version is 91.0.4472.77 with binary path C:\Program Files (x86)\Google\Chrome\Application\chrome.exe
Build info: version: &amp;apos;3.141.59&amp;apos;, revision: &amp;apos;e82be7d358&amp;apos;, time: &amp;apos;2018-11-14T08:17:03&amp;apos;
System info: host: &amp;apos;P2908-W10&amp;apos;, ip: &amp;apos;192.168.1.48&amp;apos;, os.name: &amp;apos;Windows 10&amp;apos;, os.arch: &amp;apos;amd64&amp;apos;, os.version: &amp;apos;10.0&amp;apos;, java.version: &amp;apos;15.0.2&amp;apos;
Driver info: driver.version: ChromeDriver
remote stacktrace: Backtrace:
	Ordinal0 [0x0047E7D3+124883]
	Ordinal0 [0x0047E7B1+124849]
	GetHandleVerifier [0x006C8688+193832]
	GetHandleVerifier [0x006E3AC5+305509]
	GetHandleVerifier [0x006E021B+291003]
	GetHandleVerifier [0x006DE0AC+282444]
	GetHandleVerifier [0x00704A90+440624]
	GetHandleVerifier [0x007047FC+439964]
	GetHandleVerifier [0x0070154B+426987]
	GetHandleVerifier [0x006E4FFD+310941]
	GetHandleVerifier [0x006E5D8E+314414]
	GetHandleVerifier [0x006E5D19+314297]
	GetHandleVerifier [0x007A31EC+1089676]
	GetHandleVerifier [0x007A17C9+1082985]
	GetHandleVerifier [0x007A13A3+1081923]
	GetHandleVerifier [0x0089D9FD+2115741]
	Ordinal0 [0x005CB82E+1488942]
	Ordinal0 [0x00565A7D+1071741]
	Ordinal0 [0x0056559B+1070491]
	Ordinal0 [0x005654B1+1070257]
	Ordinal0 [0x0059FF53+1310547]
	BaseThreadInitThunk [0x77AF6359+25]
	RtlGetAppContainerNamedObjectPath [0x77C38964+228]
	RtlGetAppContainerNamedObjectPath [0x77C38934+180]
">
      <![CDATA[org.openqa.selenium.SessionNotCreatedException: session not created: This version of ChromeDriver only supports Chrome version 89
Current browser version is 91.0.4472.77 with binary path C:\Program Files (x86)\Google\Chrome\Application\chrome.exe
Build info: version: '3.141.59', revision: 'e82be7d358', time: '2018-11-14T08:17:03'
System info: host: 'P2908-W10', ip: '192.168.1.48', os.name: 'Windows 10', os.arch: 'amd64', os.version: '10.0', java.version: '15.0.2'
Driver info: driver.version: ChromeDriver
remote stacktrace: Backtrace:
Ordinal0 [0x0047E7D3+124883]
Ordinal0 [0x0047E7B1+124849]
GetHandleVerifier [0x006C8688+193832]
GetHandleVerifier [0x006E3AC5+305509]
GetHandleVerifier [0x006E021B+291003]
GetHandleVerifier [0x006DE0AC+282444]
GetHandleVerifier [0x00704A90+440624]
GetHandleVerifier [0x007047FC+439964]
GetHandleVerifier [0x0070154B+426987]
GetHandleVerifier [0x006E4FFD+310941]
GetHandleVerifier [0x006E5D8E+314414]
GetHandleVerifier [0x006E5D19+314297]
GetHandleVerifier [0x007A31EC+1089676]
GetHandleVerifier [0x007A17C9+1082985]
GetHandleVerifier [0x007A13A3+1081923]
GetHandleVerifier [0x0089D9FD+2115741]
Ordinal0 [0x005CB82E+1488942]
Ordinal0 [0x00565A7D+1071741]
Ordinal0 [0x0056559B+1070491]
Ordinal0 [0x005654B1+1070257]
Ordinal0 [0x0059FF53+1310547]
BaseThreadInitThunk [0x77AF6359+25]
RtlGetAppContainerNamedObjectPath [0x77C38964+228]
RtlGetAppContainerNamedObjectPath [0x77C38934+180]

at org.openqa.selenium.remote.W3CHandshakeResponse.lambda$errorHandler$0(W3CHandshakeResponse.java:62)
at org.openqa.selenium.remote.HandshakeResponse.lambda$getResponseFunction$0(HandshakeResponse.java:30)
at org.openqa.selenium.remote.ProtocolHandshake.lambda$createSession$0(ProtocolHandshake.java:126)
at java.base/java.util.stream.ReferencePipeline$3$1.accept(ReferencePipeline.java:195)
at java.base/java.util.Spliterators$ArraySpliterator.tryAdvance(Spliterators.java:958)
at java.base/java.util.stream.ReferencePipeline.forEachWithCancel(ReferencePipeline.java:127)
at java.base/java.util.stream.AbstractPipeline.copyIntoWithCancel(AbstractPipeline.java:502)
at java.base/java.util.stream.AbstractPipeline.copyInto(AbstractPipeline.java:488)
at java.base/java.util.stream.AbstractPipeline.wrapAndCopyInto(AbstractPipeline.java:474)
at java.base/java.util.stream.FindOps$FindOp.evaluateSequential(FindOps.java:150)
at java.base/java.util.stream.AbstractPipeline.evaluate(AbstractPipeline.java:234)
at java.base/java.util.stream.ReferencePipeline.findFirst(ReferencePipeline.java:543)
at org.openqa.selenium.remote.ProtocolHandshake.createSession(ProtocolHandshake.java:128)
at org.openqa.selenium.remote.ProtocolHandshake.createSession(ProtocolHandshake.java:74)
at org.openqa.selenium.remote.HttpCommandExecutor.execute(HttpCommandExecutor.java:136)
at org.openqa.selenium.remote.service.DriverCommandExecutor.execute(DriverCommandExecutor.java:83)
at org.openqa.selenium.remote.RemoteWebDriver.execute(RemoteWebDriver.java:552)
at org.openqa.selenium.remote.RemoteWebDriver.startSession(RemoteWebDriver.java:213)
at org.openqa.selenium.remote.RemoteWebDriver.<init>(RemoteWebDriver.java:131)
at org.openqa.selenium.chrome.ChromeDriver.<init>(ChromeDriver.java:181)
at org.openqa.selenium.chrome.ChromeDriver.<init>(ChromeDriver.java:168)
at org.openqa.selenium.chrome.ChromeDriver.<init>(ChromeDriver.java:123)
at tests.TestConsultasOnline.beforeMethod(TestConsultasOnline.java:30)
at java.base/java.util.ArrayList.forEach(ArrayList.java:1511)
... Removed 36 stack frames]]>
    </failure>
  </testcase> <!-- @BeforeMethod beforeMethod -->
  <testcase classname="tests.TestConsultasOnline" name="@AfterMethod afterMethod" time="-1.623051254679E9">
    <skipped/>
  </testcase> <!-- @AfterMethod afterMethod -->
  <testcase classname="tests.TestConsultasOnline" name="consultaOnline" time="0.0">
    <skipped/>
  </testcase> <!-- consultaOnline -->
</testsuite> <!-- Consultas Online -->
